Using pre-set license
Built from '2020.3/staging' branch; Version is '2020.3.19f1 (68f137dc9bbe) revision 6877495'; Using compiler version '192528614'; Build Type 'Release'
OS: 'Windows 8.1  (6.3.0) 64bit' Language: 'en' Physical Memory: 6058 MB
BatchMode: 1, IsHumanControllingUs: 0, StartBugReporterOnCrash: 0, Is64bit: 1, IsPro: 0

COMMAND LINE ARGUMENTS:
C:\Program Files\Unity\Hub\Editor\2020.3.19f1\Editor\Unity.exe
-adb2
-batchMode
-noUpm
-name
AssetImportWorker2
-projectPath
C:/Users/Mandy/Documents/GitHub/no-rona/NoRona
-logFile
Logs/AssetImportWorker2.log
-srvPort
55187
Successfully changed project path to: C:/Users/Mandy/Documents/GitHub/no-rona/NoRona
C:/Users/Mandy/Documents/GitHub/no-rona/NoRona
Using Asset Import Pipeline V2.
Refreshing native plugins compatible for Editor in 80.41 ms, found 3 plugins.
Preloading 0 native plugins for Editor in 0.00 ms.
Initialize engine version: 2020.3.19f1 (68f137dc9bbe)
[Subsystems] Discovering subsystems at path C:/Program Files/Unity/Hub/Editor/2020.3.19f1/Editor/Data/Resources/UnitySubsystems
[Subsystems] Discovering subsystems at path C:/Users/Mandy/Documents/GitHub/no-rona/NoRona/Assets
GfxDevice: creating device client; threaded=0
d3d11: QueryInterface(IDXGIFactory5) failed (80004002).
Direct3D:
    Version:  Direct3D 11.0 [level 11.1]
    Renderer: Intel(R) HD Graphics 5500 (ID=0x1616)
    Vendor:   
    VRAM:     3029 MB
    Driver:   20.19.15.4531
Initialize mono
Mono path[0] = 'C:/Program Files/Unity/Hub/Editor/2020.3.19f1/Editor/Data/Managed'
Mono path[1] = 'C:/Program Files/Unity/Hub/Editor/2020.3.19f1/Editor/Data/MonoBleedingEdge/lib/mono/unityjit'
Mono config path = 'C:/Program Files/Unity/Hub/Editor/2020.3.19f1/Editor/Data/MonoBleedingEdge/etc'
Using monoOptions --debugger-agent=transport=dt_socket,embedding=1,server=y,suspend=n,address=127.0.0.1:56108
Begin MonoManager ReloadAssembly
Registering precompiled unity dll's ...
Register platform support module: C:/Program Files/Unity/Hub/Editor/2020.3.19f1/Editor/Data/PlaybackEngines/WebGLSupport/UnityEditor.WebGL.Extensions.dll
Register platform support module: C:/Program Files/Unity/Hub/Editor/2020.3.19f1/Editor/Data/PlaybackEngines/WindowsStandaloneSupport/UnityEditor.WindowsStandalone.Extensions.dll
Registered in 0.002267 seconds.
Native extension for WindowsStandalone target not found
Native extension for WebGL target not found
Refreshing native plugins compatible for Editor in 73.15 ms, found 3 plugins.
Preloading 0 native plugins for Editor in 0.00 ms.
Mono: successfully reloaded assembly
- Completed reload, in  1.915 seconds
Domain Reload Profiling:
	ReloadAssembly (1915ms)
		BeginReloadAssembly (87ms)
			ExecutionOrderSort (0ms)
			DisableScriptedObjects (0ms)
			BackupInstance (0ms)
			ReleaseScriptingObjects (0ms)
			CreateAndSetChildDomain (1ms)
		EndReloadAssembly (760ms)
			LoadAssemblies (85ms)
			RebuildTransferFunctionScriptingTraits (0ms)
			SetupTypeCache (283ms)
			ReleaseScriptCaches (0ms)
			RebuildScriptCaches (57ms)
			SetupLoadedEditorAssemblies (292ms)
				LogAssemblyErrors (0ms)
				InitializePlatformSupportModulesInManaged (8ms)
				SetLoadedEditorAssemblies (0ms)
				RefreshPlugins (73ms)
				BeforeProcessingInitializeOnLoad (14ms)
				ProcessInitializeOnLoadAttributes (145ms)
				ProcessInitializeOnLoadMethodAttributes (51ms)
				AfterProcessingInitializeOnLoad (0ms)
				EditorAssembliesLoaded (0ms)
			ExecutionOrderSort2 (0ms)
			AwakeInstancesAfterBackupRestoration (0ms)
Platform modules already initialized, skipping
Registering precompiled user dll's ...
Registered in 0.003924 seconds.
Begin MonoManager ReloadAssembly
Native extension for WindowsStandalone target not found
Native extension for WebGL target not found
Refreshing native plugins compatible for Editor in 74.08 ms, found 3 plugins.
Preloading 0 native plugins for Editor in 0.00 ms.
Mono: successfully reloaded assembly
- Completed reload, in  8.610 seconds
Domain Reload Profiling:
	ReloadAssembly (8618ms)
		BeginReloadAssembly (247ms)
			ExecutionOrderSort (0ms)
			DisableScriptedObjects (8ms)
			BackupInstance (0ms)
			ReleaseScriptingObjects (0ms)
			CreateAndSetChildDomain (32ms)
		EndReloadAssembly (8272ms)
			LoadAssemblies (5752ms)
			RebuildTransferFunctionScriptingTraits (0ms)
			SetupTypeCache (699ms)
			ReleaseScriptCaches (1ms)
			RebuildScriptCaches (102ms)
			SetupLoadedEditorAssemblies (1084ms)
				LogAssemblyErrors (0ms)
				InitializePlatformSupportModulesInManaged (9ms)
				SetLoadedEditorAssemblies (0ms)
				RefreshPlugins (74ms)
				BeforeProcessingInitializeOnLoad (108ms)
				ProcessInitializeOnLoadAttributes (864ms)
				ProcessInitializeOnLoadMethodAttributes (22ms)
				AfterProcessingInitializeOnLoad (6ms)
				EditorAssembliesLoaded (0ms)
			ExecutionOrderSort2 (0ms)
			AwakeInstancesAfterBackupRestoration (11ms)
Platform modules already initialized, skipping
========================================================================
Worker process is ready to serve import requests
Launched and connected shader compiler UnityShaderCompiler.exe after 0.04 seconds
Refreshing native plugins compatible for Editor in 0.99 ms, found 3 plugins.
Preloading 0 native plugins for Editor in 0.00 ms.
Unloading 2091 Unused Serialized files (Serialized files now loaded: 0)
System memory in use before: 93.1 MB.
System memory in use after: 93.2 MB.

Unloading 26 unused Assets to reduce memory usage. Loaded Objects now: 2530.
Total: 6.225450 ms (FindLiveObjects: 0.253000 ms CreateObjectMapping: 0.114954 ms MarkObjects: 5.688146 ms  DeleteObjects: 0.166272 ms)

AssetImportParameters requested are different than current active one (requested -> active):
  custom:framework-win-MediaFoundation: 216162199b28c13a410421893ffa2e32 -> 
  custom:video-decoder-ogg-theora: a1e56fd34408186e4bbccfd4996cb3dc -> 
  custom:container-muxer-webm: aa71ff27fc2769a1b78a27578f13a17b -> 
  custom:container-demuxer-webm: 4f35f7cbe854078d1ac9338744f61a02 -> 
  custom:container-demuxer-ogg: 62fdf1f143b41e24485cea50d1cbac27 -> 
  custom:video-encoder-webm-vp8: eb34c28f22e8b96e1ab97ce403110664 -> 
  custom:video-decoder-webm-vp8: 9c59270c3fd7afecdb556c50c9e8de78 -> 
  custom:audio-decoder-ogg-vorbis: bf7c407c2cedff20999df2af8eb42d56 -> 
  custom:audio-encoder-webm-vorbis: bf7c407c2cedff20999df2af8eb42d56 -> 
========================================================================
Received Import Request.
  path: Assets/Background.jpg
  artifactKey: Guid(23ed36989b6e60b4ebf2a987709b0534) Importer(815301076,1909f56bfc062723c751e8b465ee728b)
Start importing Assets/Background.jpg using Guid(23ed36989b6e60b4ebf2a987709b0534) Importer(815301076,1909f56bfc062723c751e8b465ee728b)  -> (artifact id: '4d0f2c804378f4279939396e79b3f58f') in 0.246627 seconds 
  Import took 0.266204 seconds .

========================================================================
Received Import Request.
  Time since last request: 0.000307 seconds.
  path: Assets/Coronavirus.png
  artifactKey: Guid(28fbe167db1fec14dab206704be8e5f6) Importer(815301076,1909f56bfc062723c751e8b465ee728b)
Start importing Assets/Coronavirus.png using Guid(28fbe167db1fec14dab206704be8e5f6) Importer(815301076,1909f56bfc062723c751e8b465ee728b)  -> (artifact id: 'fb0074f7c46166e43b4e00450a1b5f91') in 0.093624 seconds 
  Import took 0.119744 seconds .

========================================================================
Received Import Request.
  Time since last request: 0.000315 seconds.
  path: Assets/Syringe.png
  artifactKey: Guid(00db469152f98844cb84bd2e93c1d61f) Importer(815301076,1909f56bfc062723c751e8b465ee728b)
Start importing Assets/Syringe.png using Guid(00db469152f98844cb84bd2e93c1d61f) Importer(815301076,1909f56bfc062723c751e8b465ee728b)  -> (artifact id: '0a35e83dbaf71d1b9eb3acc853565fee') in 0.070721 seconds 
  Import took 0.108186 seconds .

========================================================================
Received Import Request.
  Time since last request: 45.236534 seconds.
  path: Assets
  artifactKey: Guid(00000000000000001000000000000000) Importer(815301076,1909f56bfc062723c751e8b465ee728b)
Start importing Assets using Guid(00000000000000001000000000000000) Importer(815301076,1909f56bfc062723c751e8b465ee728b)  -> (artifact id: '42d402b061de3733987d63b9cc3b64de') in 0.011594 seconds 
  Import took 0.037915 seconds .

========================================================================
Received Import Request.
  Time since last request: 5.636522 seconds.
  path: Assets/Sprites
  artifactKey: Guid(45eed300992b3ab4db74e49d3a3a3fe2) Importer(815301076,1909f56bfc062723c751e8b465ee728b)
Start importing Assets/Sprites using Guid(45eed300992b3ab4db74e49d3a3a3fe2) Importer(815301076,1909f56bfc062723c751e8b465ee728b)  -> (artifact id: '96d0b74b0b0a1b0484b1c8b758a3c98d') in 0.012142 seconds 
  Import took 0.026089 seconds .

========================================================================
Received Import Request.
  Time since last request: 6.377371 seconds.
  path: Assets/Background
  artifactKey: Guid(6cf6bb3dcfe87384bb11c3adb806e385) Importer(815301076,1909f56bfc062723c751e8b465ee728b)
Start importing Assets/Background using Guid(6cf6bb3dcfe87384bb11c3adb806e385) Importer(815301076,1909f56bfc062723c751e8b465ee728b)  -> (artifact id: '7a9dc10db00cb6e86439ca5f14a831de') in 0.006124 seconds 
  Import took 0.012323 seconds .

========================================================================
Received Import Request.
  Time since last request: 159.834617 seconds.
  path: Assets/Scenes/SampleScene.unity
  artifactKey: Guid(2cda990e2423bbf4892e6590ba056729) Importer(815301076,1909f56bfc062723c751e8b465ee728b)
Start importing Assets/Scenes/SampleScene.unity using Guid(2cda990e2423bbf4892e6590ba056729) Importer(815301076,1909f56bfc062723c751e8b465ee728b)  -> (artifact id: 'fa8f306bf1284b8bbeeafadfa31c7b92') in 0.029081 seconds 
  Import took 0.041158 seconds .

========================================================================
Received Import Request.
  Time since last request: 27.531478 seconds.
  path: Assets/Scenes/Game.unity
  artifactKey: Guid(2cda990e2423bbf4892e6590ba056729) Importer(815301076,1909f56bfc062723c751e8b465ee728b)
Start importing Assets/Scenes/Game.unity using Guid(2cda990e2423bbf4892e6590ba056729) Importer(815301076,1909f56bfc062723c751e8b465ee728b)  -> (artifact id: 'dfceeaf76ee41222ed2038d3cf4430b8') in 0.019198 seconds 
  Import took 0.073357 seconds .

========================================================================
Received Import Request.
  Time since last request: 2399.864475 seconds.
  path: Assets/Sprites/Germ.png
  artifactKey: Guid(7d9e12f7a2a620e418f77a7ce42db503) Importer(815301076,1909f56bfc062723c751e8b465ee728b)
Start importing Assets/Sprites/Germ.png using Guid(7d9e12f7a2a620e418f77a7ce42db503) Importer(815301076,1909f56bfc062723c751e8b465ee728b)  -> (artifact id: '073eb7b682f2d6b2b2057a31b210a074') in 0.105550 seconds 
  Import took 0.133125 seconds .

========================================================================
Received Import Request.
  Time since last request: 0.000279 seconds.
  path: Assets/Sprites/Germs.png
  artifactKey: Guid(d15fece612eee0a45b05fcd8fff0fd60) Importer(815301076,1909f56bfc062723c751e8b465ee728b)
Start importing Assets/Sprites/Germs.png using Guid(d15fece612eee0a45b05fcd8fff0fd60) Importer(815301076,1909f56bfc062723c751e8b465ee728b)  -> (artifact id: 'b9706ab2022ccd7be72a66333f70b7b0') in 0.066668 seconds 
  Import took 0.072601 seconds .

========================================================================
Received Import Request.
  Time since last request: 1335.495749 seconds.
  path: Assets/Prefabs
  artifactKey: Guid(9e8867deadc759c459d812b6f2efbc41) Importer(815301076,1909f56bfc062723c751e8b465ee728b)
Start importing Assets/Prefabs using Guid(9e8867deadc759c459d812b6f2efbc41) Importer(815301076,1909f56bfc062723c751e8b465ee728b)  -> (artifact id: 'edd2d01563ce9db635a543773a903cdb') in 0.025340 seconds 
  Import took 0.044301 seconds .

========================================================================
Received Import Request.
  Time since last request: 205.574503 seconds.
  path: Assets/Prefabs/Syringe.prefab
  artifactKey: Guid(9e69b7afd312b2b4c9a8a982dc60eed8) Importer(815301076,1909f56bfc062723c751e8b465ee728b)
Start importing Assets/Prefabs/Syringe.prefab using Guid(9e69b7afd312b2b4c9a8a982dc60eed8) Importer(815301076,1909f56bfc062723c751e8b465ee728b)  -> (artifact id: 'be0d37e5d113ac01ebff954045178da2') in 0.593764 seconds 
  Import took 0.625117 seconds .

========================================================================
Received Import Request.
  Time since last request: 82.618622 seconds.
  path: Assets/Scripts
  artifactKey: Guid(6e23a71835986fe47a82b7402049231e) Importer(815301076,1909f56bfc062723c751e8b465ee728b)
Start importing Assets/Scripts using Guid(6e23a71835986fe47a82b7402049231e) Importer(815301076,1909f56bfc062723c751e8b465ee728b)  -> (artifact id: '31aab8ed83380a824aff4532eaae7cc3') in 0.052438 seconds 
  Import took 0.114932 seconds .

========================================================================
Received Import Request.
  Time since last request: 153.415186 seconds.
  path: Assets/Background/Background.prefab
  artifactKey: Guid(08591b574793d4d44afdc1f3486cab16) Importer(815301076,1909f56bfc062723c751e8b465ee728b)
Start importing Assets/Background/Background.prefab using Guid(08591b574793d4d44afdc1f3486cab16) Importer(815301076,1909f56bfc062723c751e8b465ee728b)  -> (artifact id: '922a9421ed9553ad8e366d6fffbd5bc4') in 0.408959 seconds 
  Import took 0.420696 seconds .

========================================================================
Received Import Request.
  Time since last request: 86.941191 seconds.
  path: Assets/Background/Main Camera.prefab
  artifactKey: Guid(709ab93954c3a8c46b39bd85ed528806) Importer(815301076,1909f56bfc062723c751e8b465ee728b)
Start importing Assets/Background/Main Camera.prefab using Guid(709ab93954c3a8c46b39bd85ed528806) Importer(815301076,1909f56bfc062723c751e8b465ee728b)  -> (artifact id: '619354ba0e12ab616c908035189d5376') in 0.107761 seconds 
  Import took 0.121494 seconds .

========================================================================
Received Import Request.
  Time since last request: 218.696613 seconds.
  path: Assets/Prefabs/Coronavirus.prefab
  artifactKey: Guid(d5f36e450fd74fa44ad7703e720c5e48) Importer(815301076,1909f56bfc062723c751e8b465ee728b)
Start importing Assets/Prefabs/Coronavirus.prefab using Guid(d5f36e450fd74fa44ad7703e720c5e48) Importer(815301076,1909f56bfc062723c751e8b465ee728b)  -> (artifact id: 'ff2ed765881b84b4b88f38b73a719856') in 0.292793 seconds 
  Import took 0.302221 seconds .

========================================================================
Received Import Request.
  Time since last request: 724.069034 seconds.
  path: Assets/Prefabs/Germ.prefab
  artifactKey: Guid(db48fb7746dd74244b00e3ecffa4036d) Importer(815301076,1909f56bfc062723c751e8b465ee728b)
Start importing Assets/Prefabs/Germ.prefab using Guid(db48fb7746dd74244b00e3ecffa4036d) Importer(815301076,1909f56bfc062723c751e8b465ee728b)  -> (artifact id: '117984d3ee4cc86e732fbaf0c07c0419') in 0.166987 seconds 
  Import took 0.194073 seconds .

========================================================================
Received Import Request.
  Time since last request: 6048.184890 seconds.
  path: Assets/Prefabs/Germs.prefab
  artifactKey: Guid(b4b77fdec561bc04497ee357670ac9f1) Importer(815301076,1909f56bfc062723c751e8b465ee728b)
Start importing Assets/Prefabs/Germs.prefab using Guid(b4b77fdec561bc04497ee357670ac9f1) Importer(815301076,1909f56bfc062723c751e8b465ee728b)  -> (artifact id: '1db6caa4094915f30658e4be87e94156') in 5.969569 seconds 
  Import took 6.528303 seconds .

========================================================================
Received Import Request.
  Time since last request: 0.000590 seconds.
  path: Assets/Prefabs/Germs.prefab
  artifactKey: Guid(b4b77fdec561bc04497ee357670ac9f1) Importer(815301076,1909f56bfc062723c751e8b465ee728b)
Start importing Assets/Prefabs/Germs.prefab using Guid(b4b77fdec561bc04497ee357670ac9f1) Importer(815301076,1909f56bfc062723c751e8b465ee728b)  -> (artifact id: '1db6caa4094915f30658e4be87e94156') in 0.268012 seconds 
  Import took 0.281129 seconds .

========================================================================
Received Import Request.
  Time since last request: 5286.612052 seconds.
  path: Assets/Scripts/Syringe.cs
  artifactKey: Guid(088e2aecdfd637047b905a9dd1dceaf9) Importer(815301076,1909f56bfc062723c751e8b465ee728b)
Start importing Assets/Scripts/Syringe.cs using Guid(088e2aecdfd637047b905a9dd1dceaf9) Importer(815301076,1909f56bfc062723c751e8b465ee728b)  -> (artifact id: 'a7889bee763672e5ea26e988360e46b9') in 3.077077 seconds 
  Import took 3.188306 seconds .

========================================================================
Received Prepare
Registering precompiled user dll's ...
Registered in 3.355799 seconds.
Begin MonoManager ReloadAssembly
Native extension for WindowsStandalone target not found
Native extension for WebGL target not found
Refreshing native plugins compatible for Editor in 2.45 ms, found 3 plugins.
Preloading 0 native plugins for Editor in 0.00 ms.
Mono: successfully reloaded assembly
- Completed reload, in 72.595 seconds
Domain Reload Profiling:
	ReloadAssembly (73079ms)
		BeginReloadAssembly (41819ms)
			ExecutionOrderSort (0ms)
			DisableScriptedObjects (3397ms)
			BackupInstance (0ms)
			ReleaseScriptingObjects (10ms)
			CreateAndSetChildDomain (19836ms)
		EndReloadAssembly (27767ms)
			LoadAssemblies (11021ms)
			RebuildTransferFunctionScriptingTraits (23ms)
			SetupTypeCache (8711ms)
			ReleaseScriptCaches (5ms)
			RebuildScriptCaches (727ms)
			SetupLoadedEditorAssemblies (10020ms)
				LogAssemblyErrors (0ms)
				InitializePlatformSupportModulesInManaged (72ms)
				SetLoadedEditorAssemblies (15ms)
				RefreshPlugins (3ms)
				BeforeProcessingInitializeOnLoad (1008ms)
				ProcessInitializeOnLoadAttributes (8798ms)
				ProcessInitializeOnLoadMethodAttributes (108ms)
				AfterProcessingInitializeOnLoad (16ms)
				EditorAssembliesLoaded (1ms)
			ExecutionOrderSort2 (0ms)
			AwakeInstancesAfterBackupRestoration (430ms)
Platform modules already initialized, skipping
Refreshing native plugins compatible for Editor in 1.43 ms, found 3 plugins.
Preloading 0 native plugins for Editor in 0.00 ms.
Unloading 2082 Unused Serialized files (Serialized files now loaded: 0)
System memory in use before: 95.5 MB.
System memory in use after: 95.7 MB.

Unloading 14 unused Assets to reduce memory usage. Loaded Objects now: 2549.
Total: 103.725007 ms (FindLiveObjects: 16.172007 ms CreateObjectMapping: 0.450577 ms MarkObjects: 83.865763 ms  DeleteObjects: 3.227935 ms)

AssetImportParameters requested are different than current active one (requested -> active):
  custom:framework-win-MediaFoundation: 216162199b28c13a410421893ffa2e32 -> 
  custom:video-decoder-ogg-theora: a1e56fd34408186e4bbccfd4996cb3dc -> 
  custom:container-muxer-webm: aa71ff27fc2769a1b78a27578f13a17b -> 
  custom:container-demuxer-webm: 4f35f7cbe854078d1ac9338744f61a02 -> 
  custom:container-demuxer-ogg: 62fdf1f143b41e24485cea50d1cbac27 -> 
  custom:video-encoder-webm-vp8: eb34c28f22e8b96e1ab97ce403110664 -> 
  custom:video-decoder-webm-vp8: 9c59270c3fd7afecdb556c50c9e8de78 -> 
  custom:audio-decoder-ogg-vorbis: bf7c407c2cedff20999df2af8eb42d56 -> 
  custom:audio-encoder-webm-vorbis: bf7c407c2cedff20999df2af8eb42d56 -> 
========================================================================
Received Prepare
Registering precompiled user dll's ...
Registered in 0.003516 seconds.
Begin MonoManager ReloadAssembly
Native extension for WindowsStandalone target not found
Native extension for WebGL target not found
Refreshing native plugins compatible for Editor in 0.65 ms, found 3 plugins.
Preloading 0 native plugins for Editor in 0.00 ms.
Mono: successfully reloaded assembly
- Completed reload, in  2.062 seconds
Domain Reload Profiling:
	ReloadAssembly (2063ms)
		BeginReloadAssembly (327ms)
			ExecutionOrderSort (0ms)
			DisableScriptedObjects (12ms)
			BackupInstance (0ms)
			ReleaseScriptingObjects (0ms)
			CreateAndSetChildDomain (133ms)
		EndReloadAssembly (1592ms)
			LoadAssemblies (244ms)
			RebuildTransferFunctionScriptingTraits (0ms)
			SetupTypeCache (507ms)
			ReleaseScriptCaches (1ms)
			RebuildScriptCaches (125ms)
			SetupLoadedEditorAssemblies (585ms)
				LogAssemblyErrors (0ms)
				InitializePlatformSupportModulesInManaged (10ms)
				SetLoadedEditorAssemblies (1ms)
				RefreshPlugins (1ms)
				BeforeProcessingInitializeOnLoad (125ms)
				ProcessInitializeOnLoadAttributes (434ms)
				ProcessInitializeOnLoadMethodAttributes (9ms)
				AfterProcessingInitializeOnLoad (6ms)
				EditorAssembliesLoaded (0ms)
			ExecutionOrderSort2 (0ms)
			AwakeInstancesAfterBackupRestoration (18ms)
Platform modules already initialized, skipping
Refreshing native plugins compatible for Editor in 0.66 ms, found 3 plugins.
Preloading 0 native plugins for Editor in 0.00 ms.
Unloading 2082 Unused Serialized files (Serialized files now loaded: 0)
System memory in use before: 95.6 MB.
System memory in use after: 95.7 MB.

Unloading 14 unused Assets to reduce memory usage. Loaded Objects now: 2552.
Total: 4.952238 ms (FindLiveObjects: 0.250434 ms CreateObjectMapping: 0.111874 ms MarkObjects: 4.559138 ms  DeleteObjects: 0.027712 ms)

AssetImportParameters requested are different than current active one (requested -> active):
  custom:framework-win-MediaFoundation: 216162199b28c13a410421893ffa2e32 -> 
  custom:video-decoder-ogg-theora: a1e56fd34408186e4bbccfd4996cb3dc -> 
  custom:container-muxer-webm: aa71ff27fc2769a1b78a27578f13a17b -> 
  custom:container-demuxer-webm: 4f35f7cbe854078d1ac9338744f61a02 -> 
  custom:container-demuxer-ogg: 62fdf1f143b41e24485cea50d1cbac27 -> 
  custom:video-encoder-webm-vp8: eb34c28f22e8b96e1ab97ce403110664 -> 
  custom:video-decoder-webm-vp8: 9c59270c3fd7afecdb556c50c9e8de78 -> 
  custom:audio-decoder-ogg-vorbis: bf7c407c2cedff20999df2af8eb42d56 -> 
  custom:audio-encoder-webm-vorbis: bf7c407c2cedff20999df2af8eb42d56 -> 
